2025-02-10 22:05:05.274 | INFO     | __main__:scrape_prices:202 - Starting price scraping
2025-02-10 22:05:09.129 | DEBUG    | __main__:get_page_content:79 - Accessing https://tavex.bg/zlato
2025-02-10 22:05:17.108 | DEBUG    | __main__:get_page_content:106 - No cookie consent button found or already accepted
2025-02-10 22:05:17.124 | DEBUG    | __main__:get_page_content:121 - Found selector: ('class name', 'product')
2025-02-10 22:05:37.059 | DEBUG    | __main__:scrape_prices:227 - Found 151 product items
2025-02-10 22:05:37.061 | DEBUG    | __main__:scrape_prices:235 - Found 151 product items
2025-02-10 22:05:37.061 | DEBUG    | __main__:scrape_prices:258 - Could not find buying price for product with name: 0,25 грама златно кюлче Tavex
2025-02-10 22:05:37.061 | DEBUG    | __main__:scrape_prices:258 - Could not find buying price for product with name: 1 грам абонаментно златно кюлче Tavex
2025-02-10 22:05:37.062 | DEBUG    | __main__:scrape_prices:258 - Could not find buying price for product with name: 1 унция златна монета Австралийски лунар година на Змията 2025
2025-02-10 22:05:37.062 | DEBUG    | __main__:scrape_prices:258 - Could not find buying price for product with name: 5 грама златно кюлче PAMP лунар година на Змията 2025
2025-02-10 22:05:37.063 | DEBUG    | __main__:scrape_prices:258 - Could not find buying price for product with name: 5 грама златно кюлче Argor-Heraeus лунар Змия 2025
2025-02-10 22:05:37.063 | DEBUG    | __main__:scrape_prices:258 - Could not find buying price for product with name: 1 грам златно кюлче Argor-Heraeus лунар Змия 2025
2025-02-10 22:05:37.064 | DEBUG    | __main__:scrape_prices:376 - Successfully scraped prices for 1 грам абонаментно златно кюлче Tavex: Selling: 183.0 BGN, Buying: 203.0 BGN
2025-02-10 22:05:37.064 | DEBUG    | __main__:scrape_prices:396 - Successfully scraped prices for 1 грам абонаментно златно кюлче Tavex: Selling: 183.0 BGN, Buying: 203.0 BGN
2025-02-10 22:05:37.065 | DEBUG    | __main__:scrape_prices:376 - Successfully scraped prices for 0,25 грама златно кюлче Tavex: Selling: 49.0 BGN, Buying: 53.0 BGN
2025-02-10 22:05:37.066 | DEBUG    | __main__:scrape_prices:396 - Successfully scraped prices for 0,25 грама златно кюлче Tavex: Selling: 49.0 BGN, Buying: 53.0 BGN
2025-02-10 22:05:37.067 | DEBUG    | __main__:scrape_prices:376 - Successfully scraped prices for 1 унция златна монета Британия: Selling: 5658.0 BGN, Buying: 5714.0 BGN
2025-02-10 22:05:37.067 | DEBUG    | __main__:scrape_prices:396 - Successfully scraped prices for 1 унция златна монета Британия: Selling: 5658.0 BGN, Buying: 5714.0 BGN
2025-02-10 22:05:37.068 | DEBUG    | __main__:scrape_prices:376 - Successfully scraped prices for 1 унция златна монета Виенска Филхармония: Selling: 5658.0 BGN, Buying: 5742.0 BGN
2025-02-10 22:05:37.068 | DEBUG    | __main__:scrape_prices:396 - Successfully scraped prices for 1 унция златна монета Виенска Филхармония: Selling: 5658.0 BGN, Buying: 5742.0 BGN
2025-02-10 22:05:37.069 | DEBUG    | __main__:scrape_prices:376 - Successfully scraped prices for 1/10 унция златна монета Британия: Selling: 585.0 BGN, Buying: 630.0 BGN
2025-02-10 22:05:37.070 | DEBUG    | __main__:scrape_prices:396 - Successfully scraped prices for 1/10 унция златна монета Британия: Selling: 585.0 BGN, Buying: 630.0 BGN
2025-02-10 22:05:37.071 | DEBUG    | __main__:scrape_prices:376 - Successfully scraped prices for 1/10 унция златна монета Виенска Филхармония: Selling: 585.0 BGN, Buying: 641.0 BGN
2025-02-10 22:05:37.071 | DEBUG    | __main__:scrape_prices:396 - Successfully scraped prices for 1/10 унция златна монета Виенска Филхармония: Selling: 585.0 BGN, Buying: 641.0 BGN
2025-02-10 22:05:37.072 | DEBUG    | __main__:scrape_prices:376 - Successfully scraped prices for 1 унция златна монета Канадски кленов лист: Selling: 5658.0 BGN, Buying: 5736.0 BGN
2025-02-10 22:05:37.073 | DEBUG    | __main__:scrape_prices:396 - Successfully scraped prices for 1 унция златна монета Канадски кленов лист: Selling: 5658.0 BGN, Buying: 5736.0 BGN
2025-02-10 22:05:37.074 | DEBUG    | __main__:scrape_prices:376 - Successfully scraped prices for 1 унция златна монета Австралийско кенгуру: Selling: 5658.0 BGN, Buying: 5714.0 BGN
2025-02-10 22:05:37.074 | DEBUG    | __main__:scrape_prices:396 - Successfully scraped prices for 1 унция златна монета Австралийско кенгуру: Selling: 5658.0 BGN, Buying: 5714.0 BGN
2025-02-10 22:05:37.075 | DEBUG    | __main__:scrape_prices:376 - Successfully scraped prices for 100 грама златно кюлче Valcambi: Selling: 17816.0 BGN, Buying: 18106.0 BGN
2025-02-10 22:05:37.075 | DEBUG    | __main__:scrape_prices:396 - Successfully scraped prices for 100 грама златно кюлче Valcambi: Selling: 17816.0 BGN, Buying: 18106.0 BGN
2025-02-10 22:05:37.076 | DEBUG    | __main__:scrape_prices:376 - Successfully scraped prices for 100 грама златно кюлче Argor-Heraeus: Selling: 17816.0 BGN, Buying: 18123.0 BGN
2025-02-10 22:05:37.076 | DEBUG    | __main__:scrape_prices:396 - Successfully scraped prices for 100 грама златно кюлче Argor-Heraeus: Selling: 17816.0 BGN, Buying: 18123.0 BGN
2025-02-10 22:05:37.077 | DEBUG    | __main__:scrape_prices:376 - Successfully scraped prices for 0,25 г златно кюлче Tavex, подаръчен пакет: Selling: 49.0 BGN, Buying: 72.0 BGN
2025-02-10 22:05:37.078 | DEBUG    | __main__:scrape_prices:396 - Successfully scraped prices for 0,25 г златно кюлче Tavex, подаръчен пакет: Selling: 49.0 BGN, Buying: 72.0 BGN
2025-02-10 22:05:37.079 | DEBUG    | __main__:scrape_prices:376 - Successfully scraped prices for 50 x 1 грам комбинирано кюлче Valcambi Suisse CombiBar: Selling: 9060.0 BGN, Buying: 9378.0 BGN
2025-02-10 22:05:37.079 | DEBUG    | __main__:scrape_prices:396 - Successfully scraped prices for 50 x 1 грам комбинирано кюлче Valcambi Suisse CombiBar: Selling: 9060.0 BGN, Buying: 9378.0 BGN
2025-02-10 22:05:37.080 | DEBUG    | __main__:scrape_prices:376 - Successfully scraped prices for 50 грама златно кюлче Valcambi: Selling: 9060.0 BGN, Buying: 9142.0 BGN
2025-02-10 22:05:37.080 | DEBUG    | __main__:scrape_prices:396 - Successfully scraped prices for 50 грама златно кюлче Valcambi: Selling: 9060.0 BGN, Buying: 9142.0 BGN
2025-02-10 22:05:37.081 | DEBUG    | __main__:scrape_prices:376 - Successfully scraped prices for 50 грама златно кюлче Argor-Heraeus: Selling: 9060.0 BGN, Buying: 9151.0 BGN
2025-02-10 22:05:37.082 | DEBUG    | __main__:scrape_prices:396 - Successfully scraped prices for 50 грама златно кюлче Argor-Heraeus: Selling: 9060.0 BGN, Buying: 9151.0 BGN
2025-02-10 22:05:37.083 | DEBUG    | __main__:scrape_prices:376 - Successfully scraped prices for 1 унция златно кюлче Valcambi: Selling: 5641.0 BGN, Buying: 5692.0 BGN
2025-02-10 22:05:37.083 | DEBUG    | __main__:scrape_prices:396 - Successfully scraped prices for 1 унция златно кюлче Valcambi: Selling: 5641.0 BGN, Buying: 5692.0 BGN
2025-02-10 22:05:37.087 | DEBUG    | __main__:scrape_prices:376 - Successfully scraped prices for 1 унция златно кюлче PAMP Suisse: Selling: 5641.0 BGN, Buying: 5695.0 BGN
2025-02-10 22:05:37.087 | DEBUG    | __main__:scrape_prices:396 - Successfully scraped prices for 1 унция златно кюлче PAMP Suisse: Selling: 5641.0 BGN, Buying: 5695.0 BGN
2025-02-10 22:05:37.089 | DEBUG    | __main__:scrape_prices:376 - Successfully scraped prices for 1 унция златно кюлче Argor-Heraeus: Selling: 5641.0 BGN, Buying: 5698.0 BGN
2025-02-10 22:05:37.089 | DEBUG    | __main__:scrape_prices:396 - Successfully scraped prices for 1 унция златно кюлче Argor-Heraeus: Selling: 5641.0 BGN, Buying: 5698.0 BGN
2025-02-10 22:05:37.090 | DEBUG    | __main__:scrape_prices:376 - Successfully scraped prices for 20 грама златно кюлче Valcambi: Selling: 3674.0 BGN, Buying: 3724.0 BGN
2025-02-10 22:05:37.090 | DEBUG    | __main__:scrape_prices:396 - Successfully scraped prices for 20 грама златно кюлче Valcambi: Selling: 3674.0 BGN, Buying: 3724.0 BGN
2025-02-10 22:05:37.091 | DEBUG    | __main__:scrape_prices:253 - Product 20 грама златно кюлче PAMP Фортуна is out of stock
2025-02-10 22:05:37.091 | DEBUG    | __main__:scrape_prices:307 - Product 20 грама златно кюлче PAMP Фортуна is out of stock
2025-02-10 22:05:37.092 | DEBUG    | __main__:scrape_prices:374 - Successfully scraped out of stock product 20 грама златно кюлче PAMP Фортуна: Selling: 3674.0 BGN
2025-02-10 22:05:37.092 | DEBUG    | __main__:scrape_prices:394 - Successfully scraped out of stock product 20 грама златно кюлче PAMP Фортуна: Selling: 3674.0 BGN
2025-02-10 22:05:37.093 | DEBUG    | __main__:scrape_prices:376 - Successfully scraped prices for 20 грама златно кюлче Argor-Heraeus: Selling: 3674.0 BGN, Buying: 3731.0 BGN
2025-02-10 22:05:37.093 | DEBUG    | __main__:scrape_prices:396 - Successfully scraped prices for 20 грама златно кюлче Argor-Heraeus: Selling: 3674.0 BGN, Buying: 3731.0 BGN
2025-02-10 22:05:37.094 | DEBUG    | __main__:scrape_prices:376 - Successfully scraped prices for 10 грама златно кюлче Valcambi: Selling: 1837.0 BGN, Buying: 1898.0 BGN
2025-02-10 22:05:37.095 | DEBUG    | __main__:scrape_prices:396 - Successfully scraped prices for 10 грама златно кюлче Valcambi: Selling: 1837.0 BGN, Buying: 1898.0 BGN
2025-02-10 22:05:37.096 | DEBUG    | __main__:scrape_prices:376 - Successfully scraped prices for 10 грама златно кюлче PAMP Фортуна: Selling: 1837.0 BGN, Buying: 1916.0 BGN
2025-02-10 22:05:37.096 | DEBUG    | __main__:scrape_prices:396 - Successfully scraped prices for 10 грама златно кюлче PAMP Фортуна: Selling: 1837.0 BGN, Buying: 1916.0 BGN
2025-02-10 22:05:37.097 | DEBUG    | __main__:scrape_prices:376 - Successfully scraped prices for 10 грама златно кюлче Argor-Heraeus: Selling: 1837.0 BGN, Buying: 1900.0 BGN
2025-02-10 22:05:37.098 | DEBUG    | __main__:scrape_prices:396 - Successfully scraped prices for 10 грама златно кюлче Argor-Heraeus: Selling: 1837.0 BGN, Buying: 1900.0 BGN
2025-02-10 22:05:37.099 | DEBUG    | __main__:scrape_prices:376 - Successfully scraped prices for 5 грама златно кюлче Valcambi: Selling: 927.0 BGN, Buying: 1003.0 BGN
2025-02-10 22:05:37.099 | DEBUG    | __main__:scrape_prices:396 - Successfully scraped prices for 5 грама златно кюлче Valcambi: Selling: 927.0 BGN, Buying: 1003.0 BGN
2025-02-10 22:05:37.100 | DEBUG    | __main__:scrape_prices:376 - Successfully scraped prices for 5 грама златно кюлче PAMP Фортуна: Selling: 927.0 BGN, Buying: 1018.0 BGN
2025-02-10 22:05:37.101 | DEBUG    | __main__:scrape_prices:396 - Successfully scraped prices for 5 грама златно кюлче PAMP Фортуна: Selling: 927.0 BGN, Buying: 1018.0 BGN
2025-02-10 22:05:37.102 | DEBUG    | __main__:scrape_prices:376 - Successfully scraped prices for 5 грама златно кюлче Argor-Heraeus: Selling: 927.0 BGN, Buying: 1004.0 BGN
2025-02-10 22:05:37.102 | DEBUG    | __main__:scrape_prices:396 - Successfully scraped prices for 5 грама златно кюлче Argor-Heraeus: Selling: 927.0 BGN, Buying: 1004.0 BGN
2025-02-10 22:05:37.103 | DEBUG    | __main__:scrape_prices:376 - Successfully scraped prices for 5 грама златно кюлче PAMP лунар година на Змията 2025: Selling: 963.0 BGN, Buying: 1053.0 BGN
2025-02-10 22:05:37.103 | DEBUG    | __main__:scrape_prices:396 - Successfully scraped prices for 5 грама златно кюлче PAMP лунар година на Змията 2025: Selling: 963.0 BGN, Buying: 1053.0 BGN
2025-02-10 22:05:37.104 | DEBUG    | __main__:scrape_prices:376 - Successfully scraped prices for 5 грама златно кюлче Argor-Heraeus лунар Змия 2025: Selling: 936.0 BGN, Buying: 1040.0 BGN
2025-02-10 22:05:37.104 | DEBUG    | __main__:scrape_prices:396 - Successfully scraped prices for 5 грама златно кюлче Argor-Heraeus лунар Змия 2025: Selling: 936.0 BGN, Buying: 1040.0 BGN
2025-02-10 22:05:37.105 | DEBUG    | __main__:scrape_prices:376 - Successfully scraped prices for 2,5 грама златно кюлче Valcambi: Selling: 477.0 BGN, Buying: 533.0 BGN
2025-02-10 22:05:37.106 | DEBUG    | __main__:scrape_prices:396 - Successfully scraped prices for 2,5 грама златно кюлче Valcambi: Selling: 477.0 BGN, Buying: 533.0 BGN
2025-02-10 22:05:37.107 | DEBUG    | __main__:scrape_prices:376 - Successfully scraped prices for 2,5 грама златно кюлче PAMP Фортуна: Selling: 477.0 BGN, Buying: 537.0 BGN
2025-02-10 22:05:37.107 | DEBUG    | __main__:scrape_prices:396 - Successfully scraped prices for 2,5 грама златно кюлче PAMP Фортуна: Selling: 477.0 BGN, Buying: 537.0 BGN
2025-02-10 22:05:37.108 | DEBUG    | __main__:scrape_prices:376 - Successfully scraped prices for 2 грама златно кюлче Argor-Heraeus: Selling: 381.0 BGN, Buying: 426.0 BGN
2025-02-10 22:05:37.108 | DEBUG    | __main__:scrape_prices:396 - Successfully scraped prices for 2 грама златно кюлче Argor-Heraeus: Selling: 381.0 BGN, Buying: 426.0 BGN
2025-02-10 22:05:37.109 | DEBUG    | __main__:scrape_prices:376 - Successfully scraped prices for 1 грам златно кюлче Valcambi: Selling: 187.0 BGN, Buying: 224.0 BGN
2025-02-10 22:05:37.110 | DEBUG    | __main__:scrape_prices:396 - Successfully scraped prices for 1 грам златно кюлче Valcambi: Selling: 187.0 BGN, Buying: 224.0 BGN
2025-02-10 22:05:37.111 | DEBUG    | __main__:scrape_prices:376 - Successfully scraped prices for 1 грам златно кюлче PAMP Фортуна: Selling: 187.0 BGN, Buying: 226.0 BGN
2025-02-10 22:05:37.111 | DEBUG    | __main__:scrape_prices:396 - Successfully scraped prices for 1 грам златно кюлче PAMP Фортуна: Selling: 187.0 BGN, Buying: 226.0 BGN
2025-02-10 22:05:37.112 | DEBUG    | __main__:scrape_prices:376 - Successfully scraped prices for 1 грам златно кюлче Argor-Heraeus: Selling: 187.0 BGN, Buying: 223.0 BGN
2025-02-10 22:05:37.113 | DEBUG    | __main__:scrape_prices:396 - Successfully scraped prices for 1 грам златно кюлче Argor-Heraeus: Selling: 187.0 BGN, Buying: 223.0 BGN
2025-02-10 22:05:37.114 | DEBUG    | __main__:scrape_prices:376 - Successfully scraped prices for 1 грам златно кюлче Argor-Heraeus лунар Змия 2025: Selling: 214.0 BGN, Buying: 270.0 BGN
2025-02-10 22:05:37.114 | DEBUG    | __main__:scrape_prices:396 - Successfully scraped prices for 1 грам златно кюлче Argor-Heraeus лунар Змия 2025: Selling: 214.0 BGN, Buying: 270.0 BGN
2025-02-10 22:05:37.115 | DEBUG    | __main__:scrape_prices:376 - Successfully scraped prices for 1 унция златна монета Американски орел: Selling: 5658.0 BGN, Buying: 5886.0 BGN
2025-02-10 22:05:37.116 | DEBUG    | __main__:scrape_prices:396 - Successfully scraped prices for 1 унция златна монета Американски орел: Selling: 5658.0 BGN, Buying: 5886.0 BGN
2025-02-10 22:05:37.117 | DEBUG    | __main__:scrape_prices:376 - Successfully scraped prices for 20 долара двоен орел лейди Либърти: Selling: 5313.0 BGN, Buying: 6256.0 BGN
2025-02-10 22:05:37.117 | DEBUG    | __main__:scrape_prices:396 - Successfully scraped prices for 20 долара двоен орел лейди Либърти: Selling: 5313.0 BGN, Buying: 6256.0 BGN
2025-02-10 22:05:37.119 | DEBUG    | __main__:scrape_prices:376 - Successfully scraped prices for 1 унция златна монета Американски бизон: Selling: 5741.0 BGN, Buying: 5996.0 BGN
2025-02-10 22:05:37.119 | DEBUG    | __main__:scrape_prices:396 - Successfully scraped prices for 1 унция златна монета Американски бизон: Selling: 5741.0 BGN, Buying: 5996.0 BGN
2025-02-10 22:05:37.120 | DEBUG    | __main__:scrape_prices:376 - Successfully scraped prices for 1 унция златна монета Кругерранд, Южна Африка: Selling: 5580.0 BGN, Buying: 5692.0 BGN
2025-02-10 22:05:37.121 | DEBUG    | __main__:scrape_prices:396 - Successfully scraped prices for 1 унция златна монета Кругерранд, Южна Африка: Selling: 5580.0 BGN, Buying: 5692.0 BGN
2025-02-10 22:05:37.122 | DEBUG    | __main__:scrape_prices:376 - Successfully scraped prices for 1 унция златна монета Слон Южна Африка - Големите 5: Selling: 5658.0 BGN, Buying: 5775.0 BGN
2025-02-10 22:05:37.122 | DEBUG    | __main__:scrape_prices:396 - Successfully scraped prices for 1 унция златна монета Слон Южна Африка - Големите 5: Selling: 5658.0 BGN, Buying: 5775.0 BGN
2025-02-10 22:05:37.123 | DEBUG    | __main__:scrape_prices:376 - Successfully scraped prices for 1 унция златен австралийски лунар година на Заека 2023: Selling: 5714.0 BGN, Buying: 6411.0 BGN
2025-02-10 22:05:37.123 | DEBUG    | __main__:scrape_prices:396 - Successfully scraped prices for 1 унция златен австралийски лунар година на Заека 2023: Selling: 5714.0 BGN, Buying: 6411.0 BGN
2025-02-10 22:05:37.125 | DEBUG    | __main__:scrape_prices:376 - Successfully scraped prices for 1 унция златна монета Австралийски лунар година на Дракона 2024: Selling: 5825.0 BGN, Buying: 6112.0 BGN
2025-02-10 22:05:37.125 | DEBUG    | __main__:scrape_prices:396 - Successfully scraped prices for 1 унция златна монета Австралийски лунар година на Дракона 2024: Selling: 5825.0 BGN, Buying: 6112.0 BGN
2025-02-10 22:05:37.126 | DEBUG    | __main__:scrape_prices:376 - Successfully scraped prices for 1/4 унция златна монета Австралийски лунар година на Дракона 2024: Selling: 1456.0 BGN, Buying: 1658.0 BGN
2025-02-10 22:05:37.126 | DEBUG    | __main__:scrape_prices:396 - Successfully scraped prices for 1/4 унция златна монета Австралийски лунар година на Дракона 2024: Selling: 1456.0 BGN, Buying: 1658.0 BGN
2025-02-10 22:05:37.127 | DEBUG    | __main__:scrape_prices:376 - Successfully scraped prices for 1/10 унция златна монета Австралийски лунар година на Дракона 2024: Selling: 583.0 BGN, Buying: 719.0 BGN
2025-02-10 22:05:37.127 | DEBUG    | __main__:scrape_prices:396 - Successfully scraped prices for 1/10 унция златна монета Австралийски лунар година на Дракона 2024: Selling: 583.0 BGN, Buying: 719.0 BGN
2025-02-10 22:05:37.128 | DEBUG    | __main__:scrape_prices:376 - Successfully scraped prices for 1/20 унция златна монета Австралийски лунар година на Дракона 2024: Selling: 278.0 BGN, Buying: 406.0 BGN
2025-02-10 22:05:37.129 | DEBUG    | __main__:scrape_prices:396 - Successfully scraped prices for 1/20 унция златна монета Австралийски лунар година на Дракона 2024: Selling: 278.0 BGN, Buying: 406.0 BGN
2025-02-10 22:05:37.130 | DEBUG    | __main__:scrape_prices:376 - Successfully scraped prices for 1 унция златна монета Австралийски лунар година на Змията 2025: Selling: 5769.0 BGN, Buying: 5886.0 BGN
2025-02-10 22:05:37.130 | DEBUG    | __main__:scrape_prices:396 - Successfully scraped prices for 1 унция златна монета Австралийски лунар година на Змията 2025: Selling: 5769.0 BGN, Buying: 5886.0 BGN
2025-02-10 22:05:37.132 | DEBUG    | __main__:scrape_prices:376 - Successfully scraped prices for 1/2 унция златна монета Австралийски лунар година на Змията 2025: Selling: 2829.0 BGN, Buying: 3150.0 BGN
2025-02-10 22:05:37.132 | DEBUG    | __main__:scrape_prices:396 - Successfully scraped prices for 1/2 унция златна монета Австралийски лунар година на Змията 2025: Selling: 2829.0 BGN, Buying: 3150.0 BGN
2025-02-10 22:05:37.133 | DEBUG    | __main__:scrape_prices:376 - Successfully scraped prices for 1/4 унция златна монета Австралийски лунар година на Змията 2025: Selling: 1456.0 BGN, Buying: 1630.0 BGN
2025-02-10 22:05:37.134 | DEBUG    | __main__:scrape_prices:396 - Successfully scraped prices for 1/4 унция златна монета Австралийски лунар година на Змията 2025: Selling: 1456.0 BGN, Buying: 1630.0 BGN
2025-02-10 22:05:37.135 | DEBUG    | __main__:scrape_prices:376 - Successfully scraped prices for 1/10 унция златна монета Австралийски лунар година на Змията 2025: Selling: 583.0 BGN, Buying: 708.0 BGN
2025-02-10 22:05:37.135 | DEBUG    | __main__:scrape_prices:396 - Successfully scraped prices for 1/10 унция златна монета Австралийски лунар година на Змията 2025: Selling: 583.0 BGN, Buying: 708.0 BGN
2025-02-10 22:05:37.136 | DEBUG    | __main__:scrape_prices:376 - Successfully scraped prices for 1/20 унция златна монета Австралийски лунар година на Змията 2025: Selling: 278.0 BGN, Buying: 406.0 BGN
2025-02-10 22:05:37.136 | DEBUG    | __main__:scrape_prices:396 - Successfully scraped prices for 1/20 унция златна монета Австралийски лунар година на Змията 2025: Selling: 278.0 BGN, Buying: 406.0 BGN
2025-02-10 22:05:37.137 | DEBUG    | __main__:scrape_prices:376 - Successfully scraped prices for Руска златна монета 5 рубли Николай II: Selling: 759.0 BGN, Buying: 996.0 BGN
2025-02-10 22:05:37.137 | DEBUG    | __main__:scrape_prices:396 - Successfully scraped prices for Руска златна монета 5 рубли Николай II: Selling: 759.0 BGN, Buying: 996.0 BGN
2025-02-10 22:05:37.138 | DEBUG    | __main__:scrape_prices:376 - Successfully scraped prices for 10 рубли Николай II Русия: Selling: 1519.0 BGN, Buying: 2063.0 BGN
2025-02-10 22:05:37.139 | DEBUG    | __main__:scrape_prices:396 - Successfully scraped prices for 10 рубли Николай II Русия: Selling: 1519.0 BGN, Buying: 2063.0 BGN
2025-02-10 22:05:37.140 | DEBUG    | __main__:scrape_prices:376 - Successfully scraped prices for 20 френски франка Наполеон III: Selling: 1056.0 BGN, Buying: 1087.0 BGN
2025-02-10 22:05:37.140 | DEBUG    | __main__:scrape_prices:396 - Successfully scraped prices for 20 френски франка Наполеон III: Selling: 1056.0 BGN, Buying: 1087.0 BGN
2025-02-10 22:05:37.141 | DEBUG    | __main__:scrape_prices:376 - Successfully scraped prices for 20 френски франка златна монета Наполеон III с лавров венец: Selling: 1056.0 BGN, Buying: 1087.0 BGN
2025-02-10 22:05:37.141 | DEBUG    | __main__:scrape_prices:396 - Successfully scraped prices for 20 френски франка златна монета Наполеон III с лавров венец: Selling: 1056.0 BGN, Buying: 1087.0 BGN
2025-02-10 22:05:37.142 | DEBUG    | __main__:scrape_prices:376 - Successfully scraped prices for 10 франка френски Наполеон III: Selling: 575.0 BGN, Buying: 658.0 BGN
2025-02-10 22:05:37.142 | DEBUG    | __main__:scrape_prices:396 - Successfully scraped prices for 10 франка френски Наполеон III: Selling: 575.0 BGN, Buying: 658.0 BGN
2025-02-10 22:05:37.143 | DEBUG    | __main__:scrape_prices:376 - Successfully scraped prices for 10 френски франка златна монета Наполеон III с лавров венец: Selling: 575.0 BGN, Buying: 658.0 BGN
2025-02-10 22:05:37.143 | DEBUG    | __main__:scrape_prices:396 - Successfully scraped prices for 10 френски франка златна монета Наполеон III с лавров венец: Selling: 575.0 BGN, Buying: 658.0 BGN
2025-02-10 22:05:37.144 | DEBUG    | __main__:scrape_prices:376 - Successfully scraped prices for Златна монета 20 френски франка Серес: Selling: 1056.0 BGN, Buying: 1087.0 BGN
2025-02-10 22:05:37.145 | DEBUG    | __main__:scrape_prices:396 - Successfully scraped prices for Златна монета 20 френски франка Серес: Selling: 1056.0 BGN, Buying: 1087.0 BGN
2025-02-10 22:05:37.146 | DEBUG    | __main__:scrape_prices:376 - Successfully scraped prices for 20 френски франка златна монета Гениус: Selling: 1056.0 BGN, Buying: 1087.0 BGN
2025-02-10 22:05:37.146 | DEBUG    | __main__:scrape_prices:396 - Successfully scraped prices for 20 френски франка златна монета Гениус: Selling: 1056.0 BGN, Buying: 1087.0 BGN
2025-02-10 22:05:37.147 | DEBUG    | __main__:scrape_prices:376 - Successfully scraped prices for Златна монета 20 франка Мариана: Selling: 1056.0 BGN, Buying: 1087.0 BGN
2025-02-10 22:05:37.148 | DEBUG    | __main__:scrape_prices:396 - Successfully scraped prices for Златна монета 20 франка Мариана: Selling: 1056.0 BGN, Buying: 1087.0 BGN
2025-02-10 22:05:37.149 | DEBUG    | __main__:scrape_prices:376 - Successfully scraped prices for 20 белгийски франка златна монета Леополд II: Selling: 1058.0 BGN, Buying: 1089.0 BGN
2025-02-10 22:05:37.149 | DEBUG    | __main__:scrape_prices:396 - Successfully scraped prices for 20 белгийски франка златна монета Леополд II: Selling: 1058.0 BGN, Buying: 1089.0 BGN
2025-02-10 22:05:37.150 | DEBUG    | __main__:scrape_prices:376 - Successfully scraped prices for 20 лири Виктор Емануил II Италия: Selling: 1058.0 BGN, Buying: 1104.0 BGN
2025-02-10 22:05:37.151 | DEBUG    | __main__:scrape_prices:396 - Successfully scraped prices for 20 лири Виктор Емануил II Италия: Selling: 1058.0 BGN, Buying: 1104.0 BGN
2025-02-10 22:05:37.152 | DEBUG    | __main__:scrape_prices:376 - Successfully scraped prices for 20 лири златна монета Умберто I, Италия: Selling: 1058.0 BGN, Buying: 1089.0 BGN
2025-02-10 22:05:37.152 | DEBUG    | __main__:scrape_prices:396 - Successfully scraped prices for 20 лири златна монета Умберто I, Италия: Selling: 1058.0 BGN, Buying: 1089.0 BGN
2025-02-10 22:05:37.153 | DEBUG    | __main__:scrape_prices:376 - Successfully scraped prices for 4 австрийски дуката златна монета Франц Йосиф: Selling: 2456.0 BGN, Buying: 2655.0 BGN
2025-02-10 22:05:37.153 | DEBUG    | __main__:scrape_prices:396 - Successfully scraped prices for 4 австрийски дуката златна монета Франц Йосиф: Selling: 2456.0 BGN, Buying: 2655.0 BGN
2025-02-10 22:05:37.154 | DEBUG    | __main__:scrape_prices:376 - Successfully scraped prices for 1 австрийски дукат златна монета Франц Йосиф: Selling: 632.0 BGN, Buying: 667.0 BGN
2025-02-10 22:05:37.154 | DEBUG    | __main__:scrape_prices:396 - Successfully scraped prices for 1 австрийски дукат златна монета Франц Йосиф: Selling: 632.0 BGN, Buying: 667.0 BGN
2025-02-10 22:05:37.155 | DEBUG    | __main__:scrape_prices:376 - Successfully scraped prices for 8 форинта/20 франка Франц Йосиф Унгария: Selling: 1056.0 BGN, Buying: 1114.0 BGN
2025-02-10 22:05:37.156 | DEBUG    | __main__:scrape_prices:396 - Successfully scraped prices for 8 форинта/20 франка Франц Йосиф Унгария: Selling: 1056.0 BGN, Buying: 1114.0 BGN
2025-02-10 22:05:37.157 | DEBUG    | __main__:scrape_prices:376 - Successfully scraped prices for Златна монета 4 флорина/10 франка Франц Йосиф Австрия: Selling: 554.0 BGN, Buying: 592.0 BGN
2025-02-10 22:05:37.157 | DEBUG    | __main__:scrape_prices:396 - Successfully scraped prices for Златна монета 4 флорина/10 франка Франц Йосиф Австрия: Selling: 554.0 BGN, Buying: 592.0 BGN
2025-02-10 22:05:37.158 | DEBUG    | __main__:scrape_prices:376 - Successfully scraped prices for 20 франка златна монета Швейцария Вренели: Selling: 1056.0 BGN, Buying: 1089.0 BGN
2025-02-10 22:05:37.158 | DEBUG    | __main__:scrape_prices:396 - Successfully scraped prices for 20 франка златна монета Швейцария Вренели: Selling: 1056.0 BGN, Buying: 1089.0 BGN
2025-02-10 22:05:37.159 | DEBUG    | __main__:scrape_prices:376 - Successfully scraped prices for 10 гулдена Вилхелмина Холандия: Selling: 1075.0 BGN, Buying: 1168.0 BGN
2025-02-10 22:05:37.159 | DEBUG    | __main__:scrape_prices:396 - Successfully scraped prices for 10 гулдена Вилхелмина Холандия: Selling: 1075.0 BGN, Buying: 1168.0 BGN
2025-02-10 22:05:37.160 | DEBUG    | __main__:scrape_prices:376 - Successfully scraped prices for 20 германски марки Вилхелм II: Selling: 1291.0 BGN, Buying: 1388.0 BGN
2025-02-10 22:05:37.160 | DEBUG    | __main__:scrape_prices:396 - Successfully scraped prices for 20 германски марки Вилхелм II: Selling: 1291.0 BGN, Buying: 1388.0 BGN
2025-02-10 22:05:37.161 | DEBUG    | __main__:scrape_prices:376 - Successfully scraped prices for Златен Мемориален Суверен Чарлз III Великобритания 2022г.: Selling: 1332.0 BGN, Buying: 1392.0 BGN
2025-02-10 22:05:37.162 | DEBUG    | __main__:scrape_prices:396 - Successfully scraped prices for Златен Мемориален Суверен Чарлз III Великобритания 2022г.: Selling: 1332.0 BGN, Buying: 1392.0 BGN
2025-02-10 22:05:37.163 | DEBUG    | __main__:scrape_prices:376 - Successfully scraped prices for Златен Суверен Чарлз III Великобритания: Selling: 1339.0 BGN, Buying: 1398.0 BGN
2025-02-10 22:05:37.163 | DEBUG    | __main__:scrape_prices:396 - Successfully scraped prices for Златен Суверен Чарлз III Великобритания: Selling: 1339.0 BGN, Buying: 1398.0 BGN
2025-02-10 22:05:37.164 | DEBUG    | __main__:scrape_prices:376 - Successfully scraped prices for Златен суверен Елизабет II 1957-2021 Великобритания: Selling: 1305.0 BGN, Buying: 1355.0 BGN
2025-02-10 22:05:37.165 | DEBUG    | __main__:scrape_prices:396 - Successfully scraped prices for Златен суверен Елизабет II 1957-2021 Великобритания: Selling: 1305.0 BGN, Buying: 1355.0 BGN
2025-02-10 22:05:37.166 | DEBUG    | __main__:scrape_prices:376 - Successfully scraped prices for Златен суверен Едуард VII Великобритания: Selling: 1305.0 BGN, Buying: 1379.0 BGN
2025-02-10 22:05:37.166 | DEBUG    | __main__:scrape_prices:396 - Successfully scraped prices for Златен суверен Едуард VII Великобритания: Selling: 1305.0 BGN, Buying: 1379.0 BGN
2025-02-10 22:05:37.167 | DEBUG    | __main__:scrape_prices:376 - Successfully scraped prices for Златен суверен Джордж V Великобритания: Selling: 1305.0 BGN, Buying: 1379.0 BGN
2025-02-10 22:05:37.168 | DEBUG    | __main__:scrape_prices:396 - Successfully scraped prices for Златен суверен Джордж V Великобритания: Selling: 1305.0 BGN, Buying: 1379.0 BGN
2025-02-10 22:05:37.169 | DEBUG    | __main__:scrape_prices:376 - Successfully scraped prices for Златен суверен Виктория Великобритания: Selling: 1305.0 BGN, Buying: 1392.0 BGN
2025-02-10 22:05:37.169 | DEBUG    | __main__:scrape_prices:396 - Successfully scraped prices for Златен суверен Виктория Великобритания: Selling: 1305.0 BGN, Buying: 1392.0 BGN
2025-02-10 22:05:37.170 | DEBUG    | __main__:scrape_prices:376 - Successfully scraped prices for Британски златен суверен Елизабет II, 2022г.: Selling: 1345.0 BGN, Buying: 1458.0 BGN
2025-02-10 22:05:37.170 | DEBUG    | __main__:scrape_prices:396 - Successfully scraped prices for Британски златен суверен Елизабет II, 2022г.: Selling: 1345.0 BGN, Buying: 1458.0 BGN
2025-02-10 22:05:37.171 | DEBUG    | __main__:scrape_prices:376 - Successfully scraped prices for 20 франка златна монета Тунис: Selling: 1051.0 BGN, Buying: 1145.0 BGN
2025-02-10 22:05:37.171 | DEBUG    | __main__:scrape_prices:396 - Successfully scraped prices for 20 франка златна монета Тунис: Selling: 1051.0 BGN, Buying: 1145.0 BGN
2025-02-10 22:05:37.172 | DEBUG    | __main__:scrape_prices:376 - Successfully scraped prices for Златна монета 100 турски куруша: Selling: 1156.0 BGN, Buying: 1269.0 BGN
2025-02-10 22:05:37.173 | DEBUG    | __main__:scrape_prices:396 - Successfully scraped prices for Златна монета 100 турски куруша: Selling: 1156.0 BGN, Buying: 1269.0 BGN
2025-02-10 22:05:37.174 | DEBUG    | __main__:scrape_prices:376 - Successfully scraped prices for 50 песос Мексико: Selling: 6688.0 BGN, Buying: 7096.0 BGN
2025-02-10 22:05:37.174 | DEBUG    | __main__:scrape_prices:396 - Successfully scraped prices for 50 песос Мексико: Selling: 6688.0 BGN, Buying: 7096.0 BGN
2025-02-10 22:05:37.175 | DEBUG    | __main__:scrape_prices:376 - Successfully scraped prices for Златна монета 100 австрийски корони Франц Йосиф: Selling: 5356.0 BGN, Buying: 5742.0 BGN
2025-02-10 22:05:37.175 | DEBUG    | __main__:scrape_prices:396 - Successfully scraped prices for Златна монета 100 австрийски корони Франц Йосиф: Selling: 5356.0 BGN, Buying: 5742.0 BGN
2025-02-10 22:05:37.176 | DEBUG    | __main__:scrape_prices:376 - Successfully scraped prices for 30 грама златна монета Китайска панда 2025: Selling: 5457.0 BGN, Buying: 5783.0 BGN
2025-02-10 22:05:37.176 | DEBUG    | __main__:scrape_prices:396 - Successfully scraped prices for 30 грама златна монета Китайска панда 2025: Selling: 5457.0 BGN, Buying: 5783.0 BGN
2025-02-10 22:05:37.177 | DEBUG    | __main__:scrape_prices:376 - Successfully scraped prices for 15 грама златна монета Китайска панда 2025: Selling: 2729.0 BGN, Buying: 2985.0 BGN
2025-02-10 22:05:37.177 | DEBUG    | __main__:scrape_prices:396 - Successfully scraped prices for 15 грама златна монета Китайска панда 2025: Selling: 2729.0 BGN, Buying: 2985.0 BGN
2025-02-10 22:05:37.178 | DEBUG    | __main__:scrape_prices:376 - Successfully scraped prices for 8 грама златна монета Китайска панда 2025: Selling: 1455.0 BGN, Buying: 1635.0 BGN
2025-02-10 22:05:37.179 | DEBUG    | __main__:scrape_prices:396 - Successfully scraped prices for 8 грама златна монета Китайска панда 2025: Selling: 1455.0 BGN, Buying: 1635.0 BGN
2025-02-10 22:05:37.180 | DEBUG    | __main__:scrape_prices:376 - Successfully scraped prices for 3 грама златна монета Китайска панда 2025: Selling: 546.0 BGN, Buying: 693.0 BGN
2025-02-10 22:05:37.180 | DEBUG    | __main__:scrape_prices:396 - Successfully scraped prices for 3 грама златна монета Китайска панда 2025: Selling: 546.0 BGN, Buying: 693.0 BGN
2025-02-10 22:05:37.182 | DEBUG    | __main__:scrape_prices:376 - Successfully scraped prices for 1 грам златна монета Китайска панда 2025: Selling: 182.0 BGN, Buying: 276.0 BGN
2025-02-10 22:05:37.182 | DEBUG    | __main__:scrape_prices:396 - Successfully scraped prices for 1 грам златна монета Китайска панда 2025: Selling: 182.0 BGN, Buying: 276.0 BGN
2025-02-10 22:05:37.183 | DEBUG    | __main__:scrape_prices:376 - Successfully scraped prices for 1 унция златен австралийски лунар година на Тигъра 2022: Selling: 5714.0 BGN, Buying: 8290.0 BGN
2025-02-10 22:05:37.183 | DEBUG    | __main__:scrape_prices:396 - Successfully scraped prices for 1 унция златен австралийски лунар година на Тигъра 2022: Selling: 5714.0 BGN, Buying: 8290.0 BGN
2025-02-10 22:05:37.185 | DEBUG    | __main__:scrape_prices:376 - Successfully scraped prices for 1 унция златен австралийски лунар година на Вола 2021: Selling: 5714.0 BGN, Buying: 6632.0 BGN
2025-02-10 22:05:37.185 | DEBUG    | __main__:scrape_prices:396 - Successfully scraped prices for 1 унция златен австралийски лунар година на Вола 2021: Selling: 5714.0 BGN, Buying: 6632.0 BGN
2025-02-10 22:05:37.186 | DEBUG    | __main__:scrape_prices:376 - Successfully scraped prices for 1 унция златна монета Австралийски лунар година на Мишката 2020: Selling: 5714.0 BGN, Buying: 6521.0 BGN
2025-02-10 22:05:37.186 | DEBUG    | __main__:scrape_prices:396 - Successfully scraped prices for 1 унция златна монета Австралийски лунар година на Мишката 2020: Selling: 5714.0 BGN, Buying: 6521.0 BGN
2025-02-10 22:05:37.187 | DEBUG    | __main__:scrape_prices:376 - Successfully scraped prices for 1 унция златна монета австралийски лунар година на Кучето 2018: Selling: 5714.0 BGN, Buying: 6521.0 BGN
2025-02-10 22:05:37.188 | DEBUG    | __main__:scrape_prices:396 - Successfully scraped prices for 1 унция златна монета австралийски лунар година на Кучето 2018: Selling: 5714.0 BGN, Buying: 6521.0 BGN
2025-02-10 22:05:37.189 | DEBUG    | __main__:scrape_prices:376 - Successfully scraped prices for 1 унция златен австралийски лунар година на Петела 2017: Selling: 5714.0 BGN, Buying: 6521.0 BGN
2025-02-10 22:05:37.189 | DEBUG    | __main__:scrape_prices:396 - Successfully scraped prices for 1 унция златен австралийски лунар година на Петела 2017: Selling: 5714.0 BGN, Buying: 6521.0 BGN
2025-02-10 22:05:37.190 | DEBUG    | __main__:scrape_prices:376 - Successfully scraped prices for 1 унция златен австралийски лунар година на Маймуната 2016: Selling: 5714.0 BGN, Buying: 6521.0 BGN
2025-02-10 22:05:37.190 | DEBUG    | __main__:scrape_prices:396 - Successfully scraped prices for 1 унция златен австралийски лунар година на Маймуната 2016: Selling: 5714.0 BGN, Buying: 6521.0 BGN
2025-02-10 22:05:37.191 | DEBUG    | __main__:scrape_prices:376 - Successfully scraped prices for 1 унция златен австралийски лунар година на Змията 2013: Selling: 5714.0 BGN, Buying: 6632.0 BGN
2025-02-10 22:05:37.191 | DEBUG    | __main__:scrape_prices:396 - Successfully scraped prices for 1 унция златен австралийски лунар година на Змията 2013: Selling: 5714.0 BGN, Buying: 6632.0 BGN
2025-02-10 22:05:37.193 | DEBUG    | __main__:scrape_prices:376 - Successfully scraped prices for 1 унция австралиисйки лунар година на дракона 2012: Selling: 5714.0 BGN, Buying: 6521.0 BGN
2025-02-10 22:05:37.193 | DEBUG    | __main__:scrape_prices:396 - Successfully scraped prices for 1 унция австралиисйки лунар година на дракона 2012: Selling: 5714.0 BGN, Buying: 6521.0 BGN
2025-02-10 22:05:37.194 | DEBUG    | __main__:scrape_prices:376 - Successfully scraped prices for 1 унция златна монета австралийски лунар година на Заека 2011: Selling: 5714.0 BGN, Buying: 6521.0 BGN
2025-02-10 22:05:37.194 | DEBUG    | __main__:scrape_prices:396 - Successfully scraped prices for 1 унция златна монета австралийски лунар година на Заека 2011: Selling: 5714.0 BGN, Buying: 6521.0 BGN
2025-02-10 22:05:37.195 | DEBUG    | __main__:scrape_prices:376 - Successfully scraped prices for 1 унция златен австралийски лунар година на Вола 2009: Selling: 5714.0 BGN, Buying: 6521.0 BGN
2025-02-10 22:05:37.195 | DEBUG    | __main__:scrape_prices:396 - Successfully scraped prices for 1 унция златен австралийски лунар година на Вола 2009: Selling: 5714.0 BGN, Buying: 6521.0 BGN
2025-02-10 22:05:37.197 | DEBUG    | __main__:scrape_prices:376 - Successfully scraped prices for 1 унция златна монета австралийски лунар година на Мишката 2008: Selling: 5714.0 BGN, Buying: 6521.0 BGN
2025-02-10 22:05:37.197 | DEBUG    | __main__:scrape_prices:396 - Successfully scraped prices for 1 унция златна монета австралийски лунар година на Мишката 2008: Selling: 5714.0 BGN, Buying: 6521.0 BGN
2025-02-10 22:05:37.198 | DEBUG    | __main__:scrape_prices:376 - Successfully scraped prices for 1 унция златен австралийски лунар година на Прасето 2007: Selling: 5714.0 BGN, Buying: 6521.0 BGN
2025-02-10 22:05:37.199 | DEBUG    | __main__:scrape_prices:396 - Successfully scraped prices for 1 унция златен австралийски лунар година на Прасето 2007: Selling: 5714.0 BGN, Buying: 6521.0 BGN
2025-02-10 22:05:37.200 | DEBUG    | __main__:scrape_prices:376 - Successfully scraped prices for 1 унция златен австралийски лунар година на Петела 2005: Selling: 5714.0 BGN, Buying: 6521.0 BGN
2025-02-10 22:05:37.200 | DEBUG    | __main__:scrape_prices:396 - Successfully scraped prices for 1 унция златен австралийски лунар година на Петела 2005: Selling: 5714.0 BGN, Buying: 6521.0 BGN
2025-02-10 22:05:37.201 | DEBUG    | __main__:scrape_prices:376 - Successfully scraped prices for 1 унция златна монета австралийски лунар година на Маймуната 2004: Selling: 5714.0 BGN, Buying: 6521.0 BGN
2025-02-10 22:05:37.202 | DEBUG    | __main__:scrape_prices:396 - Successfully scraped prices for 1 унция златна монета австралийски лунар година на Маймуната 2004: Selling: 5714.0 BGN, Buying: 6521.0 BGN
2025-02-10 22:05:37.203 | DEBUG    | __main__:scrape_prices:376 - Successfully scraped prices for 1 унция златен австралийски лунар година на Козата 2003: Selling: 5714.0 BGN, Buying: 6521.0 BGN
2025-02-10 22:05:37.203 | DEBUG    | __main__:scrape_prices:396 - Successfully scraped prices for 1 унция златен австралийски лунар година на Козата 2003: Selling: 5714.0 BGN, Buying: 6521.0 BGN
2025-02-10 22:05:37.204 | DEBUG    | __main__:scrape_prices:376 - Successfully scraped prices for 1 унция златна монета австралийки Лунар 2000 година на дракона: Selling: 5714.0 BGN, Buying: 7461.0 BGN
2025-02-10 22:05:37.204 | DEBUG    | __main__:scrape_prices:396 - Successfully scraped prices for 1 унция златна монета австралийки Лунар 2000 година на дракона: Selling: 5714.0 BGN, Buying: 7461.0 BGN
2025-02-10 22:05:37.205 | DEBUG    | __main__:scrape_prices:253 - Product 1 унция златен австралийски лунар година на Тигъра 2010 is out of stock
2025-02-10 22:05:37.205 | DEBUG    | __main__:scrape_prices:307 - Product 1 унция златен австралийски лунар година на Тигъра 2010 is out of stock
2025-02-10 22:05:37.206 | DEBUG    | __main__:scrape_prices:374 - Successfully scraped out of stock product 1 унция златен австралийски лунар година на Тигъра 2010: Selling: 5714.0 BGN
2025-02-10 22:05:37.206 | DEBUG    | __main__:scrape_prices:394 - Successfully scraped out of stock product 1 унция златен австралийски лунар година на Тигъра 2010: Selling: 5714.0 BGN
2025-02-10 22:05:37.207 | DEBUG    | __main__:scrape_prices:376 - Successfully scraped prices for 1 унция златен австралийски лунар година на Кучето 2006: Selling: 5714.0 BGN, Buying: 6521.0 BGN
2025-02-10 22:05:37.207 | DEBUG    | __main__:scrape_prices:396 - Successfully scraped prices for 1 унция златен австралийски лунар година на Кучето 2006: Selling: 5714.0 BGN, Buying: 6521.0 BGN
2025-02-10 22:05:37.208 | DEBUG    | __main__:scrape_prices:376 - Successfully scraped prices for 1 унция златен австралийски лунар година на Тигъра 1998: Selling: 5714.0 BGN, Buying: 6908.0 BGN
2025-02-10 22:05:37.208 | DEBUG    | __main__:scrape_prices:396 - Successfully scraped prices for 1 унция златен австралийски лунар година на Тигъра 1998: Selling: 5714.0 BGN, Buying: 6908.0 BGN
2025-02-10 22:05:37.209 | DEBUG    | __main__:scrape_prices:376 - Successfully scraped prices for 1 унция златен австралийски лунар година на Вола 1997: Selling: 5714.0 BGN, Buying: 6908.0 BGN
2025-02-10 22:05:37.210 | DEBUG    | __main__:scrape_prices:396 - Successfully scraped prices for 1 унция златен австралийски лунар година на Вола 1997: Selling: 5714.0 BGN, Buying: 6908.0 BGN
2025-02-10 22:05:37.210 | DEBUG    | __main__:scrape_prices:253 - Product 1 унция златен австралийски лунар година на Мишката 1996 is out of stock
2025-02-10 22:05:37.210 | DEBUG    | __main__:scrape_prices:307 - Product 1 унция златен австралийски лунар година на Мишката 1996 is out of stock
2025-02-10 22:05:37.211 | DEBUG    | __main__:scrape_prices:374 - Successfully scraped out of stock product 1 унция златен австралийски лунар година на Мишката 1996: Selling: 5714.0 BGN
2025-02-10 22:05:37.211 | DEBUG    | __main__:scrape_prices:394 - Successfully scraped out of stock product 1 унция златен австралийски лунар година на Мишката 1996: Selling: 5714.0 BGN
2025-02-10 22:05:37.211 | DEBUG    | __main__:scrape_prices:253 - Product 1 унция златен австралийски лунар година на Коня 2014 is out of stock
2025-02-10 22:05:37.212 | DEBUG    | __main__:scrape_prices:307 - Product 1 унция златен австралийски лунар година на Коня 2014 is out of stock
2025-02-10 22:05:37.212 | DEBUG    | __main__:scrape_prices:374 - Successfully scraped out of stock product 1 унция златен австралийски лунар година на Коня 2014: Selling: 5714.0 BGN
2025-02-10 22:05:37.213 | DEBUG    | __main__:scrape_prices:394 - Successfully scraped out of stock product 1 унция златен австралийски лунар година на Коня 2014: Selling: 5714.0 BGN
2025-02-10 22:05:37.213 | DEBUG    | __main__:scrape_prices:253 - Product 5 грама златно кюлче Argor-Heraeus лунар Дракон 2024 is out of stock
2025-02-10 22:05:37.214 | DEBUG    | __main__:scrape_prices:307 - Product 5 грама златно кюлче Argor-Heraeus лунар Дракон 2024 is out of stock
2025-02-10 22:05:37.214 | DEBUG    | __main__:scrape_prices:374 - Successfully scraped out of stock product 5 грама златно кюлче Argor-Heraeus лунар Дракон 2024: Selling: 936.0 BGN
2025-02-10 22:05:37.215 | DEBUG    | __main__:scrape_prices:394 - Successfully scraped out of stock product 5 грама златно кюлче Argor-Heraeus лунар Дракон 2024: Selling: 936.0 BGN
2025-02-10 22:05:37.215 | DEBUG    | __main__:scrape_prices:253 - Product 1 грам златно кюлче Argor-Heraeus лунар Дракон 2024 is out of stock
2025-02-10 22:05:37.216 | DEBUG    | __main__:scrape_prices:307 - Product 1 грам златно кюлче Argor-Heraeus лунар Дракон 2024 is out of stock
2025-02-10 22:05:37.216 | DEBUG    | __main__:scrape_prices:374 - Successfully scraped out of stock product 1 грам златно кюлче Argor-Heraeus лунар Дракон 2024: Selling: 214.0 BGN
2025-02-10 22:05:37.216 | DEBUG    | __main__:scrape_prices:394 - Successfully scraped out of stock product 1 грам златно кюлче Argor-Heraeus лунар Дракон 2024: Selling: 214.0 BGN
2025-02-10 22:05:37.217 | DEBUG    | __main__:scrape_prices:253 - Product 30 грама златна монета Китайска панда 2024 is out of stock
2025-02-10 22:05:37.217 | DEBUG    | __main__:scrape_prices:307 - Product 30 грама златна монета Китайска панда 2024 is out of stock
2025-02-10 22:05:37.218 | DEBUG    | __main__:scrape_prices:374 - Successfully scraped out of stock product 30 грама златна монета Китайска панда 2024: Selling: 5457.0 BGN
2025-02-10 22:05:37.218 | DEBUG    | __main__:scrape_prices:394 - Successfully scraped out of stock product 30 грама златна монета Китайска панда 2024: Selling: 5457.0 BGN
2025-02-10 22:05:37.218 | DEBUG    | __main__:scrape_prices:253 - Product 15 грама златна монета Китайска панда 2024 is out of stock
2025-02-10 22:05:37.219 | DEBUG    | __main__:scrape_prices:307 - Product 15 грама златна монета Китайска панда 2024 is out of stock
2025-02-10 22:05:37.219 | DEBUG    | __main__:scrape_prices:374 - Successfully scraped out of stock product 15 грама златна монета Китайска панда 2024: Selling: 2729.0 BGN
2025-02-10 22:05:37.219 | DEBUG    | __main__:scrape_prices:394 - Successfully scraped out of stock product 15 грама златна монета Китайска панда 2024: Selling: 2729.0 BGN
2025-02-10 22:05:37.220 | DEBUG    | __main__:scrape_prices:253 - Product 8 грама златна монета Китайска панда 2024 is out of stock
2025-02-10 22:05:37.220 | DEBUG    | __main__:scrape_prices:307 - Product 8 грама златна монета Китайска панда 2024 is out of stock
2025-02-10 22:05:37.221 | DEBUG    | __main__:scrape_prices:374 - Successfully scraped out of stock product 8 грама златна монета Китайска панда 2024: Selling: 1455.0 BGN
2025-02-10 22:05:37.221 | DEBUG    | __main__:scrape_prices:394 - Successfully scraped out of stock product 8 грама златна монета Китайска панда 2024: Selling: 1455.0 BGN
2025-02-10 22:05:37.221 | DEBUG    | __main__:scrape_prices:253 - Product 3 грама златна монета Китайска панда 2024 is out of stock
2025-02-10 22:05:37.222 | DEBUG    | __main__:scrape_prices:307 - Product 3 грама златна монета Китайска панда 2024 is out of stock
2025-02-10 22:05:37.222 | DEBUG    | __main__:scrape_prices:374 - Successfully scraped out of stock product 3 грама златна монета Китайска панда 2024: Selling: 546.0 BGN
2025-02-10 22:05:37.222 | DEBUG    | __main__:scrape_prices:394 - Successfully scraped out of stock product 3 грама златна монета Китайска панда 2024: Selling: 546.0 BGN
2025-02-10 22:05:37.222 | DEBUG    | __main__:scrape_prices:253 - Product 1 грам златна монета Китайска панда 2024 is out of stock
2025-02-10 22:05:37.223 | DEBUG    | __main__:scrape_prices:307 - Product 1 грам златна монета Китайска панда 2024 is out of stock
2025-02-10 22:05:37.223 | DEBUG    | __main__:scrape_prices:374 - Successfully scraped out of stock product 1 грам златна монета Китайска панда 2024: Selling: 182.0 BGN
2025-02-10 22:05:37.224 | DEBUG    | __main__:scrape_prices:394 - Successfully scraped out of stock product 1 грам златна монета Китайска панда 2024: Selling: 182.0 BGN
2025-02-10 22:05:37.224 | DEBUG    | __main__:scrape_prices:253 - Product 1/2 унция златна монета Австралийски лунар година на Дракона 2024 is out of stock
2025-02-10 22:05:37.224 | DEBUG    | __main__:scrape_prices:307 - Product 1/2 унция златна монета Австралийски лунар година на Дракона 2024 is out of stock
2025-02-10 22:05:37.225 | DEBUG    | __main__:scrape_prices:374 - Successfully scraped out of stock product 1/2 унция златна монета Австралийски лунар година на Дракона 2024: Selling: 2774.0 BGN
2025-02-10 22:05:37.225 | DEBUG    | __main__:scrape_prices:394 - Successfully scraped out of stock product 1/2 унция златна монета Австралийски лунар година на Дракона 2024: Selling: 2774.0 BGN
2025-02-10 22:05:37.225 | DEBUG    | __main__:scrape_prices:253 - Product 1 унция златна монета Пазителите на Тюдорите - Драконът на Тюдор 2024г. is out of stock
2025-02-10 22:05:37.226 | DEBUG    | __main__:scrape_prices:307 - Product 1 унция златна монета Пазителите на Тюдорите - Драконът на Тюдор 2024г. is out of stock
2025-02-10 22:05:37.226 | DEBUG    | __main__:scrape_prices:374 - Successfully scraped out of stock product 1 унция златна монета Пазителите на Тюдорите - Драконът на Тюдор 2024г.: Selling: 5686.0 BGN
2025-02-10 22:05:37.226 | DEBUG    | __main__:scrape_prices:394 - Successfully scraped out of stock product 1 унция златна монета Пазителите на Тюдорите - Драконът на Тюдор 2024г.: Selling: 5686.0 BGN
2025-02-10 22:05:37.227 | DEBUG    | __main__:scrape_prices:253 - Product 1 унция златна монета Пазителите на Тюдорите - Еднорогът на Сиймор 2024 г. is out of stock
2025-02-10 22:05:37.227 | DEBUG    | __main__:scrape_prices:307 - Product 1 унция златна монета Пазителите на Тюдорите - Еднорогът на Сиймор 2024 г. is out of stock
2025-02-10 22:05:37.228 | DEBUG    | __main__:scrape_prices:374 - Successfully scraped out of stock product 1 унция златна монета Пазителите на Тюдорите - Еднорогът на Сиймор 2024 г.: Selling: 5686.0 BGN
2025-02-10 22:05:37.228 | DEBUG    | __main__:scrape_prices:394 - Successfully scraped out of stock product 1 унция златна монета Пазителите на Тюдорите - Еднорогът на Сиймор 2024 г.: Selling: 5686.0 BGN
2025-02-10 22:05:37.228 | DEBUG    | __main__:scrape_prices:253 - Product 1 унция златна монета Пазителите на Тюдорите - Бикът от Кларънс 2023 г. is out of stock
2025-02-10 22:05:37.229 | DEBUG    | __main__:scrape_prices:307 - Product 1 унция златна монета Пазителите на Тюдорите - Бикът от Кларънс 2023 г. is out of stock
2025-02-10 22:05:37.229 | DEBUG    | __main__:scrape_prices:374 - Successfully scraped out of stock product 1 унция златна монета Пазителите на Тюдорите - Бикът от Кларънс 2023 г.: Selling: 5686.0 BGN
2025-02-10 22:05:37.230 | DEBUG    | __main__:scrape_prices:394 - Successfully scraped out of stock product 1 унция златна монета Пазителите на Тюдорите - Бикът от Кларънс 2023 г.: Selling: 5686.0 BGN
2025-02-10 22:05:37.230 | DEBUG    | __main__:scrape_prices:253 - Product 1 унция златна монета Британия - Елизабет II is out of stock
2025-02-10 22:05:37.230 | DEBUG    | __main__:scrape_prices:307 - Product 1 унция златна монета Британия - Елизабет II is out of stock
2025-02-10 22:05:37.231 | DEBUG    | __main__:scrape_prices:374 - Successfully scraped out of stock product 1 унция златна монета Британия - Елизабет II: Selling: 5658.0 BGN
2025-02-10 22:05:37.231 | DEBUG    | __main__:scrape_prices:394 - Successfully scraped out of stock product 1 унция златна монета Британия - Елизабет II: Selling: 5658.0 BGN
2025-02-10 22:05:37.232 | DEBUG    | __main__:scrape_prices:253 - Product 1 унция златна монета Пазителите на Тюдорите - Йейлът на Бофорт 2023 г. is out of stock
2025-02-10 22:05:37.232 | DEBUG    | __main__:scrape_prices:307 - Product 1 унция златна монета Пазителите на Тюдорите - Йейлът на Бофорт 2023 г. is out of stock
2025-02-10 22:05:37.233 | DEBUG    | __main__:scrape_prices:374 - Successfully scraped out of stock product 1 унция златна монета Пазителите на Тюдорите - Йейлът на Бофорт 2023 г.: Selling: 5686.0 BGN
2025-02-10 22:05:37.233 | DEBUG    | __main__:scrape_prices:394 - Successfully scraped out of stock product 1 унция златна монета Пазителите на Тюдорите - Йейлът на Бофорт 2023 г.: Selling: 5686.0 BGN
2025-02-10 22:05:37.233 | DEBUG    | __main__:scrape_prices:253 - Product 1/2 унция златен австралийски лунар година на Заека 2023 is out of stock
2025-02-10 22:05:37.234 | DEBUG    | __main__:scrape_prices:307 - Product 1/2 унция златен австралийски лунар година на Заека 2023 is out of stock
2025-02-10 22:05:37.234 | DEBUG    | __main__:scrape_prices:374 - Successfully scraped out of stock product 1/2 унция златен австралийски лунар година на Заека 2023: Selling: 2774.0 BGN
2025-02-10 22:05:37.234 | DEBUG    | __main__:scrape_prices:394 - Successfully scraped out of stock product 1/2 унция златен австралийски лунар година на Заека 2023: Selling: 2774.0 BGN
2025-02-10 22:05:37.235 | DEBUG    | __main__:scrape_prices:253 - Product 1/4 унция златен австралийски лунар година на Заека 2023 is out of stock
2025-02-10 22:05:37.235 | DEBUG    | __main__:scrape_prices:307 - Product 1/4 унция златен австралийски лунар година на Заека 2023 is out of stock
2025-02-10 22:05:37.236 | DEBUG    | __main__:scrape_prices:374 - Successfully scraped out of stock product 1/4 унция златен австралийски лунар година на Заека 2023: Selling: 1456.0 BGN
2025-02-10 22:05:37.236 | DEBUG    | __main__:scrape_prices:394 - Successfully scraped out of stock product 1/4 унция златен австралийски лунар година на Заека 2023: Selling: 1456.0 BGN
2025-02-10 22:05:37.236 | DEBUG    | __main__:scrape_prices:253 - Product 5 грама златно кюлче PAMP лунар година на Дракона 2024 is out of stock
2025-02-10 22:05:37.236 | DEBUG    | __main__:scrape_prices:307 - Product 5 грама златно кюлче PAMP лунар година на Дракона 2024 is out of stock
2025-02-10 22:05:37.237 | DEBUG    | __main__:scrape_prices:374 - Successfully scraped out of stock product 5 грама златно кюлче PAMP лунар година на Дракона 2024: Selling: 963.0 BGN
2025-02-10 22:05:37.237 | DEBUG    | __main__:scrape_prices:394 - Successfully scraped out of stock product 5 грама златно кюлче PAMP лунар година на Дракона 2024: Selling: 963.0 BGN
2025-02-10 22:05:37.237 | DEBUG    | __main__:scrape_prices:253 - Product 5 грама златно кюлче PAMP лунар година на Заека 2023 is out of stock
2025-02-10 22:05:37.238 | DEBUG    | __main__:scrape_prices:307 - Product 5 грама златно кюлче PAMP лунар година на Заека 2023 is out of stock
2025-02-10 22:05:37.238 | DEBUG    | __main__:scrape_prices:374 - Successfully scraped out of stock product 5 грама златно кюлче PAMP лунар година на Заека 2023: Selling: 963.0 BGN
2025-02-10 22:05:37.239 | DEBUG    | __main__:scrape_prices:394 - Successfully scraped out of stock product 5 грама златно кюлче PAMP лунар година на Заека 2023: Selling: 963.0 BGN
2025-02-10 22:05:37.239 | DEBUG    | __main__:scrape_prices:253 - Product 1/10 унция златен австралийски лунар година на Заека 2023 is out of stock
2025-02-10 22:05:37.239 | DEBUG    | __main__:scrape_prices:307 - Product 1/10 унция златен австралийски лунар година на Заека 2023 is out of stock
2025-02-10 22:05:37.240 | DEBUG    | __main__:scrape_prices:374 - Successfully scraped out of stock product 1/10 унция златен австралийски лунар година на Заека 2023: Selling: 583.0 BGN
2025-02-10 22:05:37.240 | DEBUG    | __main__:scrape_prices:394 - Successfully scraped out of stock product 1/10 унция златен австралийски лунар година на Заека 2023: Selling: 583.0 BGN
2025-02-10 22:05:37.240 | DEBUG    | __main__:scrape_prices:253 - Product 15 грама златна монета Китайска панда 2023 is out of stock
2025-02-10 22:05:37.241 | DEBUG    | __main__:scrape_prices:307 - Product 15 грама златна монета Китайска панда 2023 is out of stock
2025-02-10 22:05:37.241 | DEBUG    | __main__:scrape_prices:374 - Successfully scraped out of stock product 15 грама златна монета Китайска панда 2023: Selling: 2675.0 BGN
2025-02-10 22:05:37.241 | DEBUG    | __main__:scrape_prices:394 - Successfully scraped out of stock product 15 грама златна монета Китайска панда 2023: Selling: 2675.0 BGN
2025-02-10 22:05:37.242 | DEBUG    | __main__:scrape_prices:253 - Product 1/20 унция златен австралийски лунар година на Заека 2023 is out of stock
2025-02-10 22:05:37.242 | DEBUG    | __main__:scrape_prices:307 - Product 1/20 унция златен австралийски лунар година на Заека 2023 is out of stock
2025-02-10 22:05:37.243 | DEBUG    | __main__:scrape_prices:374 - Successfully scraped out of stock product 1/20 унция златен австралийски лунар година на Заека 2023: Selling: 278.0 BGN
2025-02-10 22:05:37.243 | DEBUG    | __main__:scrape_prices:394 - Successfully scraped out of stock product 1/20 унция златен австралийски лунар година на Заека 2023: Selling: 278.0 BGN
2025-02-10 22:05:37.243 | DEBUG    | __main__:scrape_prices:253 - Product 30 грама златна монета Китайска панда 2023 is out of stock
2025-02-10 22:05:37.243 | DEBUG    | __main__:scrape_prices:307 - Product 30 грама златна монета Китайска панда 2023 is out of stock
2025-02-10 22:05:37.244 | DEBUG    | __main__:scrape_prices:374 - Successfully scraped out of stock product 30 грама златна монета Китайска панда 2023: Selling: 5351.0 BGN
2025-02-10 22:05:37.244 | DEBUG    | __main__:scrape_prices:394 - Successfully scraped out of stock product 30 грама златна монета Китайска панда 2023: Selling: 5351.0 BGN
2025-02-10 22:05:37.244 | DEBUG    | __main__:scrape_prices:253 - Product 8 грама златна монета Китайска панда 2023 is out of stock
2025-02-10 22:05:37.245 | DEBUG    | __main__:scrape_prices:307 - Product 8 грама златна монета Китайска панда 2023 is out of stock
2025-02-10 22:05:37.246 | DEBUG    | __main__:scrape_prices:374 - Successfully scraped out of stock product 8 грама златна монета Китайска панда 2023: Selling: 1427.0 BGN
2025-02-10 22:05:37.246 | DEBUG    | __main__:scrape_prices:394 - Successfully scraped out of stock product 8 грама златна монета Китайска панда 2023: Selling: 1427.0 BGN
2025-02-10 22:05:37.246 | DEBUG    | __main__:scrape_prices:253 - Product 3 грама златна монета Китайска панда 2023 is out of stock
2025-02-10 22:05:37.247 | DEBUG    | __main__:scrape_prices:307 - Product 3 грама златна монета Китайска панда 2023 is out of stock
2025-02-10 22:05:37.247 | DEBUG    | __main__:scrape_prices:374 - Successfully scraped out of stock product 3 грама златна монета Китайска панда 2023: Selling: 535.0 BGN
2025-02-10 22:05:37.248 | DEBUG    | __main__:scrape_prices:394 - Successfully scraped out of stock product 3 грама златна монета Китайска панда 2023: Selling: 535.0 BGN
2025-02-10 22:05:37.248 | DEBUG    | __main__:scrape_prices:253 - Product 1 грам златна монета Китайска панда 2023 is out of stock
2025-02-10 22:05:37.248 | DEBUG    | __main__:scrape_prices:307 - Product 1 грам златна монета Китайска панда 2023 is out of stock
2025-02-10 22:05:37.249 | DEBUG    | __main__:scrape_prices:374 - Successfully scraped out of stock product 1 грам златна монета Китайска панда 2023: Selling: 178.0 BGN
2025-02-10 22:05:37.249 | DEBUG    | __main__:scrape_prices:394 - Successfully scraped out of stock product 1 грам златна монета Китайска панда 2023: Selling: 178.0 BGN
2025-02-10 22:05:37.249 | DEBUG    | __main__:scrape_prices:253 - Product 100 грама златно кюлче PAMP Фортуна is out of stock
2025-02-10 22:05:37.250 | DEBUG    | __main__:scrape_prices:307 - Product 100 грама златно кюлче PAMP Фортуна is out of stock
2025-02-10 22:05:37.250 | DEBUG    | __main__:scrape_prices:374 - Successfully scraped out of stock product 100 грама златно кюлче PAMP Фортуна: Selling: 17816.0 BGN
2025-02-10 22:05:37.251 | DEBUG    | __main__:scrape_prices:394 - Successfully scraped out of stock product 100 грама златно кюлче PAMP Фортуна: Selling: 17816.0 BGN
2025-02-10 22:05:37.251 | DEBUG    | __main__:scrape_prices:253 - Product 50 грама златно кюлче PAMP Фортуна is out of stock
2025-02-10 22:05:37.251 | DEBUG    | __main__:scrape_prices:307 - Product 50 грама златно кюлче PAMP Фортуна is out of stock
2025-02-10 22:05:37.252 | DEBUG    | __main__:scrape_prices:374 - Successfully scraped out of stock product 50 грама златно кюлче PAMP Фортуна: Selling: 9060.0 BGN
2025-02-10 22:05:37.252 | DEBUG    | __main__:scrape_prices:394 - Successfully scraped out of stock product 50 грама златно кюлче PAMP Фортуна: Selling: 9060.0 BGN
2025-02-10 22:05:37.252 | DEBUG    | __main__:scrape_prices:253 - Product 1 унция златно кюлче PAMP Фортуна is out of stock
2025-02-10 22:05:37.253 | DEBUG    | __main__:scrape_prices:307 - Product 1 унция златно кюлче PAMP Фортуна is out of stock
2025-02-10 22:05:37.253 | DEBUG    | __main__:scrape_prices:374 - Successfully scraped out of stock product 1 унция златно кюлче PAMP Фортуна: Selling: 5641.0 BGN
2025-02-10 22:05:37.253 | DEBUG    | __main__:scrape_prices:394 - Successfully scraped out of stock product 1 унция златно кюлче PAMP Фортуна: Selling: 5641.0 BGN
2025-02-10 22:05:37.254 | DEBUG    | __main__:scrape_prices:253 - Product 10 крони Кристиян X Дания is out of stock
2025-02-10 22:05:37.254 | DEBUG    | __main__:scrape_prices:307 - Product 10 крони Кристиян X Дания is out of stock
2025-02-10 22:05:37.255 | DEBUG    | __main__:scrape_prices:374 - Successfully scraped out of stock product 10 крони Кристиян X Дания: Selling: 698.0 BGN
2025-02-10 22:05:37.255 | DEBUG    | __main__:scrape_prices:394 - Successfully scraped out of stock product 10 крони Кристиян X Дания: Selling: 698.0 BGN
2025-02-10 22:05:37.255 | DEBUG    | __main__:scrape_prices:253 - Product 10 Гулдена Вилхелм III Холандия is out of stock
2025-02-10 22:05:37.255 | DEBUG    | __main__:scrape_prices:307 - Product 10 Гулдена Вилхелм III Холандия is out of stock
2025-02-10 22:05:37.256 | DEBUG    | __main__:scrape_prices:374 - Successfully scraped out of stock product 10 Гулдена Вилхелм III Холандия: Selling: 1075.0 BGN
2025-02-10 22:05:37.256 | DEBUG    | __main__:scrape_prices:394 - Successfully scraped out of stock product 10 Гулдена Вилхелм III Холандия: Selling: 1075.0 BGN
2025-02-10 22:05:37.256 | DEBUG    | __main__:scrape_prices:253 - Product 30 грама златна монета Китайска панда 2022 is out of stock
2025-02-10 22:05:37.257 | DEBUG    | __main__:scrape_prices:307 - Product 30 грама златна монета Китайска панда 2022 is out of stock
2025-02-10 22:05:37.257 | DEBUG    | __main__:scrape_prices:374 - Successfully scraped out of stock product 30 грама златна монета Китайска панда 2022: Selling: 5351.0 BGN
2025-02-10 22:05:37.257 | DEBUG    | __main__:scrape_prices:394 - Successfully scraped out of stock product 30 грама златна монета Китайска панда 2022: Selling: 5351.0 BGN
2025-02-10 22:05:37.258 | DEBUG    | __main__:scrape_prices:253 - Product Златна монета 10 франка Мариана is out of stock
2025-02-10 22:05:37.258 | DEBUG    | __main__:scrape_prices:307 - Product Златна монета 10 франка Мариана is out of stock
2025-02-10 22:05:37.259 | DEBUG    | __main__:scrape_prices:374 - Successfully scraped out of stock product Златна монета 10 франка Мариана: Selling: 575.0 BGN
2025-02-10 22:05:37.259 | DEBUG    | __main__:scrape_prices:394 - Successfully scraped out of stock product Златна монета 10 франка Мариана: Selling: 575.0 BGN
2025-02-10 22:05:37.259 | DEBUG    | __main__:scrape_prices:253 - Product 1 килограм златно кюлче Valcambi is out of stock
2025-02-10 22:05:37.260 | DEBUG    | __main__:scrape_prices:307 - Product 1 килограм златно кюлче Valcambi is out of stock
2025-02-10 22:05:37.260 | DEBUG    | __main__:scrape_prices:374 - Successfully scraped out of stock product 1 килограм златно кюлче Valcambi: Selling: 174151.0 BGN
2025-02-10 22:05:37.260 | DEBUG    | __main__:scrape_prices:394 - Successfully scraped out of stock product 1 килограм златно кюлче Valcambi: Selling: 174151.0 BGN
2025-02-10 22:05:37.260 | DEBUG    | __main__:scrape_prices:258 - Could not find buying price for product with name: Златни кюлчета
2025-02-10 22:05:37.261 | DEBUG    | __main__:scrape_prices:258 - Could not find buying price for product with name: Златни монети
2025-02-10 22:05:37.261 | DEBUG    | __main__:scrape_prices:258 - Could not find buying price for product with name: Злато за подарък
2025-02-10 22:05:37.261 | DEBUG    | __main__:scrape_prices:258 - Could not find buying price for product with name: Valcambi Suisse
2025-02-10 22:05:37.262 | DEBUG    | __main__:scrape_prices:258 - Could not find buying price for product with name: Модерни инвестиционни монети
2025-02-10 22:05:37.262 | DEBUG    | __main__:scrape_prices:258 - Could not find buying price for product with name: Исторически монети
2025-02-10 22:05:37.726 | SUCCESS  | __main__:save_to_excel:196 - Data saved to price_history_gold.xlsx
2025-02-10 22:05:37.726 | SUCCESS  | __main__:scrape_prices:412 - Successfully scraped 278 products
2025-02-10 22:05:37.727 | INFO     | __main__:generate_report:425 - Generating price report
2025-02-10 22:05:56.270 | SUCCESS  | __main__:generate_report:456 - Price trend report generated successfully
